#
# There is insufficient memory for the Java Runtime Environment to continue.
# Native memory allocation (malloc) failed to allocate 245536 bytes for Chunk::new
# Possible reasons:
#   The system is out of physical RAM or swap space
#   The process is running with CompressedOops enabled, and the Java Heap may be blocking the growth of the native heap
# Possible solutions:
#   Reduce memory load on the system
#   Increase physical memory or swap space
#   Check if swap backing store is full
#   Decrease Java heap size (-Xmx/-Xms)
#   Decrease number of Java threads
#   Decrease Java thread stack sizes (-Xss)
#   Set larger code cache with -XX:ReservedCodeCacheSize=
#   JVM is running with Unscaled Compressed Oops mode in which the Java heap is
#     placed in the first 4GB address space. The Java Heap base address is the
#     maximum limit for the native heap growth. Please use -XX:HeapBaseMinAddress
#     to set the Java Heap base and to place the Java Heap above 4GB virtual address.
# This output file may be truncated or incomplete.
#
#  Out of Memory Error (allocation.cpp:389), pid=7152, tid=0x0000000000001a8c
#
# JRE version: Java(TM) SE Runtime Environment (8.0_231-b11) (build 1.8.0_231-b11)
# Java VM: Java HotSpot(TM) 64-Bit Server VM (25.231-b11 mixed mode windows-amd64 compressed oops)
# Failed to write core dump. Minidumps are not enabled by default on client versions of Windows
#

---------------  T H R E A D  ---------------

Current thread (0x00000000140a3800):  JavaThread "C2 CompilerThread1" daemon [_thread_in_native, id=6796, stack(0x00000000157e0000,0x00000000158e0000)]

Stack: [0x00000000157e0000,0x00000000158e0000]
[error occurred during error reporting (printing stack bounds), id 0xc0000005]

Native frames: (J=compiled Java code, j=interpreted, Vv=VM code, C=native code)


Current CompileTask:
C2: 142161 3630       4       java.security.CodeSource::equals (60 bytes)


---------------  P R O C E S S  ---------------

Java Threads: ( => current thread )
  0x0000000018e61000 JavaThread "Build operations Thread 4" [_thread_blocked, id=10016, stack(0x000000001e730000,0x000000001e830000)]
  0x0000000018e64000 JavaThread "Build operations Thread 3" [_thread_blocked, id=11356, stack(0x000000001e630000,0x000000001e730000)]
  0x0000000018e60800 JavaThread "Build operations Thread 2" [_thread_blocked, id=7004, stack(0x000000001e530000,0x000000001e630000)]
  0x0000000018e63800 JavaThread "Build operations" [_thread_blocked, id=6060, stack(0x000000001ba20000,0x000000001bb20000)]
  0x0000000015cc3000 JavaThread "Cache worker for execution history cache (C:\Users\obulisathish\.gradle\caches\5.5\executionHistory)" [_thread_blocked, id=4040, stack(0x000000001d1f0000,0x000000001d2f0000)]
  0x0000000015cc2800 JavaThread "Cache worker for cache directory md-rule (C:\Users\obulisathish\.gradle\caches\5.5\md-rule)" [_thread_blocked, id=6876, stack(0x000000001cef0000,0x000000001cff0000)]
  0x0000000015cbf800 JavaThread "Cache worker for cache directory md-supplier (C:\Users\obulisathish\.gradle\caches\5.5\md-supplier)" [_thread_blocked, id=8144, stack(0x000000001cdf0000,0x000000001cef0000)]
  0x0000000015cbe800 JavaThread "Cache worker for file hash cache (C:\Users\obulisathish\dkmy\android\.gradle\5.5\fileHashes)" [_thread_blocked, id=10652, stack(0x000000001af20000,0x000000001b020000)]
  0x0000000015cbd800 JavaThread "Cache worker for journal cache (C:\Users\obulisathish\.gradle\caches\journal-1)" [_thread_blocked, id=3636, stack(0x0000000018b80000,0x0000000018c80000)]
  0x0000000015cc0000 JavaThread "File lock request listener" [_thread_in_native, id=5548, stack(0x0000000018a80000,0x0000000018b80000)]
  0x0000000015cbc000 JavaThread "Cache worker for file hash cache (C:\Users\obulisathish\.gradle\caches\5.5\fileHashes)" [_thread_blocked, id=11648, stack(0x0000000018980000,0x0000000018a80000)]
  0x0000000016684800 JavaThread "Thread-9" [_thread_blocked, id=8540, stack(0x0000000018680000,0x0000000018780000)]
  0x0000000016682000 JavaThread "Stdin handler" [_thread_blocked, id=9756, stack(0x0000000018580000,0x0000000018680000)]
  0x0000000016681000 JavaThread "Asynchronous log dispatcher for DefaultDaemonConnection: socket connection from /127.0.0.1:15789 to /127.0.0.1:15790" [_thread_blocked, id=11024, stack(0x0000000018480000,0x0000000018580000)]
  0x000000001699b800 JavaThread "Daemon worker" [_thread_in_native, id=5524, stack(0x0000000018380000,0x0000000018480000)]
  0x00000000168e4000 JavaThread "Cancel handler" [_thread_blocked, id=8748, stack(0x0000000018280000,0x0000000018380000)]
  0x00000000168e3800 JavaThread "Handler for socket connection from /127.0.0.1:15789 to /127.0.0.1:15790" [_thread_in_native, id=6688, stack(0x0000000018180000,0x0000000018280000)]
  0x00000000168dc800 JavaThread "Daemon" [_thread_blocked, id=6336, stack(0x0000000018080000,0x0000000018180000)]
  0x0000000016439000 JavaThread "Daemon periodic checks" [_thread_blocked, id=4488, stack(0x0000000017f80000,0x0000000018080000)]
  0x0000000016438000 JavaThread "Incoming local TCP Connector on port 15789" [_thread_in_native, id=10592, stack(0x0000000017d90000,0x0000000017e90000)]
  0x000000001679a000 JavaThread "Daemon health stats" [_thread_blocked, id=8036, stack(0x00000000177b0000,0x00000000178b0000)]
  0x00000000140fd800 JavaThread "Service Thread" daemon [_thread_blocked, id=11972, stack(0x0000000015de0000,0x0000000015ee0000)]
  0x00000000140b3800 JavaThread "C1 CompilerThread2" daemon [_thread_blocked, id=9064, stack(0x00000000158e0000,0x00000000159e0000)]
=>0x00000000140a3800 JavaThread "C2 CompilerThread1" daemon [_thread_in_native, id=6796, stack(0x00000000157e0000,0x00000000158e0000)]
  0x00000000140a0800 JavaThread "C2 CompilerThread0" daemon [_thread_in_native, id=3680, stack(0x00000000156e0000,0x00000000157e0000)]
  0x000000001409e000 JavaThread "Attach Listener" daemon [_thread_blocked, id=5924, stack(0x00000000155e0000,0x00000000156e0000)]
  0x000000001409c800 JavaThread "Signal Dispatcher" daemon [_thread_blocked, id=11616, stack(0x00000000154e0000,0x00000000155e0000)]
  0x000000001408a000 JavaThread "Finalizer" daemon [_thread_blocked, id=9536, stack(0x0000000015300000,0x0000000015400000)]
  0x0000000002c71000 JavaThread "Reference Handler" daemon [_thread_blocked, id=6984, stack(0x0000000015200000,0x0000000015300000)]
  0x0000000002b7e800 JavaThread "main" [_thread_blocked, id=9760, stack(0x0000000002a00000,0x0000000002b00000)]

Other Threads:
  0x0000000014067800 VMThread [stack: 0x0000000015100000,0x0000000015200000] [id=7952]
  0x0000000015a3a800 WatcherThread [stack: 0x0000000015ee0000,0x0000000015fe0000] [id=12068]

VM state:not at safepoint (normal execution)

VM Mutex/Monitor currently owned by a thread: None

heap address: 0x00000000e0000000, size: 512 MB, Compressed Oops mode: 32-bit
Narrow klass base: 0x0000000000000000, Narrow klass shift: 3
Compressed class space size: 1073741824 Address: 0x0000000100000000

Heap:
 PSYoungGen      total 86016K, used 18091K [0x00000000f5580000, 0x00000000fbe00000, 0x0000000100000000)
  eden space 71680K, 25% used [0x00000000f5580000,0x00000000f672af40,0x00000000f9b80000)
  from space 14336K, 0% used [0x00000000f9b80000,0x00000000f9b80000,0x00000000fa980000)
  to   space 13824K, 0% used [0x00000000fb080000,0x00000000fb080000,0x00000000fbe00000)
 ParOldGen       total 239104K, used 17021K [0x00000000e0000000, 0x00000000ee980000, 0x00000000f5580000)
  object space 239104K, 7% used [0x00000000e0000000,0x00000000e109f628,0x00000000ee980000)
 Metaspace       used 37725K, capacity 38634K, committed 38696K, reserved 1083392K
  class space    used 5339K, capacity 5635K, committed 5672K, reserved 1048576K

Card table byte_map: [0x0000000012040000,0x0000000012150000] byte_map_base: 0x0000000011940000

Marking Bits: (ParMarkBitMap*) 0x000000006bf96d90
 Begin Bits: [0x0000000012600000, 0x0000000012e00000)
 End Bits:   [0x0000000012e00000, 0x0000000013600000)

Polling page: 0x0000000002950000

CodeCache: size=245760Kb used=11374Kb max_used=11374Kb free=234385Kb
 bounds [0x0000000002c80000, 0x00000000037b0000, 0x0000000011c80000]
 total_blobs=4068 nmethods=3323 adapters=656
 compilation: enabled

Compilation events (10 events):
Event: 142.010 Thread 0x00000000140b3800 3632       3       java.security.CodeSource::hashCode (17 bytes)
Event: 142.011 Thread 0x00000000140b3800 nmethod 3632 0x00000000037a2810 code [0x00000000037a29a0, 0x00000000037a2f28]
Event: 142.018 Thread 0x00000000140b3800 3633   !   3       java.security.SecureClassLoader::getProtectionDomain (114 bytes)
Event: 142.019 Thread 0x00000000140b3800 nmethod 3633 0x00000000037a30d0 code [0x00000000037a3280, 0x00000000037a3a18]
Event: 142.023 Thread 0x00000000140b3800 3634       3       java.nio.ByteBuffer::wrap (8 bytes)
Event: 142.024 Thread 0x00000000140b3800 nmethod 3634 0x00000000037a3fd0 code [0x00000000037a4160, 0x00000000037a44f8]
Event: 142.024 Thread 0x00000000140b3800 3635   !   3       java.nio.ByteBuffer::wrap (20 bytes)
Event: 142.024 Thread 0x00000000140b3800 nmethod 3635 0x00000000037a4710 code [0x00000000037a48a0, 0x00000000037a4bd8]
Event: 142.024 Thread 0x00000000140b3800 3637       3       java.nio.HeapByteBuffer::get (14 bytes)
Event: 142.025 Thread 0x00000000140b3800 nmethod 3637 0x00000000037a4dd0 code [0x00000000037a4f60, 0x00000000037a5308]

GC Heap History (10 events):
Event: 90.552 GC heap before
{Heap before GC invocations=5 (full 1):
 PSYoungGen      total 76288K, used 65536K [0x00000000f5580000, 0x00000000faa80000, 0x0000000100000000)
  eden space 65536K, 100% used [0x00000000f5580000,0x00000000f9580000,0x00000000f9580000)
  from space 10752K, 0% used [0x00000000f9580000,0x00000000f9580000,0x00000000fa000000)
  to   space 10752K, 0% used [0x00000000fa000000,0x00000000fa000000,0x00000000faa80000)
 ParOldGen       total 175104K, used 11070K [0x00000000e0000000, 0x00000000eab00000, 0x00000000f5580000)
  object space 175104K, 6% used [0x00000000e0000000,0x00000000e0acf960,0x00000000eab00000)
 Metaspace       used 27483K, capacity 27954K, committed 28080K, reserved 1073152K
  class space    used 3779K, capacity 3976K, committed 4016K, reserved 1048576K
Event: 90.565 GC heap after
Heap after GC invocations=5 (full 1):
 PSYoungGen      total 76288K, used 7908K [0x00000000f5580000, 0x00000000fb280000, 0x0000000100000000)
  eden space 65536K, 0% used [0x00000000f5580000,0x00000000f5580000,0x00000000f9580000)
  from space 10752K, 73% used [0x00000000fa000000,0x00000000fa7b9320,0x00000000faa80000)
  to   space 10752K, 0% used [0x00000000f9580000,0x00000000f9580000,0x00000000fa000000)
 ParOldGen       total 175104K, used 11078K [0x00000000e0000000, 0x00000000eab00000, 0x00000000f5580000)
  object space 175104K, 6% used [0x00000000e0000000,0x00000000e0ad1960,0x00000000eab00000)
 Metaspace       used 27483K, capacity 27954K, committed 28080K, reserved 1073152K
  class space    used 3779K, capacity 3976K, committed 4016K, reserved 1048576K
}
Event: 103.492 GC heap before
{Heap before GC invocations=6 (full 1):
 PSYoungGen      total 76288K, used 73444K [0x00000000f5580000, 0x00000000fb280000, 0x0000000100000000)
  eden space 65536K, 100% used [0x00000000f5580000,0x00000000f9580000,0x00000000f9580000)
  from space 10752K, 73% used [0x00000000fa000000,0x00000000fa7b9320,0x00000000faa80000)
  to   space 10752K, 0% used [0x00000000f9580000,0x00000000f9580000,0x00000000fa000000)
 ParOldGen       total 175104K, used 11078K [0x00000000e0000000, 0x00000000eab00000, 0x00000000f5580000)
  object space 175104K, 6% used [0x00000000e0000000,0x00000000e0ad1960,0x00000000eab00000)
 Metaspace       used 31006K, capacity 31550K, committed 31792K, reserved 1077248K
  class space    used 4375K, capacity 4597K, committed 4656K, reserved 1048576K
Event: 103.508 GC heap after
Heap after GC invocations=6 (full 1):
 PSYoungGen      total 76288K, used 10339K [0x00000000f5580000, 0x00000000fb680000, 0x0000000100000000)
  eden space 65536K, 0% used [0x00000000f5580000,0x00000000f5580000,0x00000000f9580000)
  from space 10752K, 96% used [0x00000000f9580000,0x00000000f9f98eb0,0x00000000fa000000)
  to   space 13312K, 0% used [0x00000000fa980000,0x00000000fa980000,0x00000000fb680000)
 ParOldGen       total 175104K, used 11086K [0x00000000e0000000, 0x00000000eab00000, 0x00000000f5580000)
  object space 175104K, 6% used [0x00000000e0000000,0x00000000e0ad3960,0x00000000eab00000)
 Metaspace       used 31006K, capacity 31550K, committed 31792K, reserved 1077248K
  class space    used 4375K, capacity 4597K, committed 4656K, reserved 1048576K
}
Event: 122.577 GC heap before
{Heap before GC invocations=7 (full 1):
 PSYoungGen      total 76288K, used 75875K [0x00000000f5580000, 0x00000000fb680000, 0x0000000100000000)
  eden space 65536K, 100% used [0x00000000f5580000,0x00000000f9580000,0x00000000f9580000)
  from space 10752K, 96% used [0x00000000f9580000,0x00000000f9f98eb0,0x00000000fa000000)
  to   space 13312K, 0% used [0x00000000fa980000,0x00000000fa980000,0x00000000fb680000)
 ParOldGen       total 175104K, used 11086K [0x00000000e0000000, 0x00000000eab00000, 0x00000000f5580000)
  object space 175104K, 6% used [0x00000000e0000000,0x00000000e0ad3960,0x00000000eab00000)
 Metaspace       used 34525K, capacity 35374K, committed 35496K, reserved 1079296K
  class space    used 4911K, capacity 5173K, committed 5288K, reserved 1048576K
Event: 122.604 GC heap after
Heap after GC invocations=7 (full 1):
 PSYoungGen      total 84992K, used 11979K [0x00000000f5580000, 0x00000000fb800000, 0x0000000100000000)
  eden space 71680K, 0% used [0x00000000f5580000,0x00000000f5580000,0x00000000f9b80000)
  from space 13312K, 89% used [0x00000000fa980000,0x00000000fb532d78,0x00000000fb680000)
  to   space 14336K, 0% used [0x00000000f9b80000,0x00000000f9b80000,0x00000000fa980000)
 ParOldGen       total 175104K, used 11094K [0x00000000e0000000, 0x00000000eab00000, 0x00000000f5580000)
  object space 175104K, 6% used [0x00000000e0000000,0x00000000e0ad5960,0x00000000eab00000)
 Metaspace       used 34525K, capacity 35374K, committed 35496K, reserved 1079296K
  class space    used 4911K, capacity 5173K, committed 5288K, reserved 1048576K
}
Event: 132.539 GC heap before
{Heap before GC invocations=8 (full 1):
 PSYoungGen      total 84992K, used 20445K [0x00000000f5580000, 0x00000000fb800000, 0x0000000100000000)
  eden space 71680K, 11% used [0x00000000f5580000,0x00000000f5dc4930,0x00000000f9b80000)
  from space 13312K, 89% used [0x00000000fa980000,0x00000000fb532d78,0x00000000fb680000)
  to   space 14336K, 0% used [0x00000000f9b80000,0x00000000f9b80000,0x00000000fa980000)
 ParOldGen       total 175104K, used 11094K [0x00000000e0000000, 0x00000000eab00000, 0x00000000f5580000)
  object space 175104K, 6% used [0x00000000e0000000,0x00000000e0ad5960,0x00000000eab00000)
 Metaspace       used 34573K, capacity 35414K, committed 35496K, reserved 1079296K
  class space    used 4916K, capacity 5207K, committed 5288K, reserved 1048576K
Event: 132.564 GC heap after
Heap after GC invocations=8 (full 1):
 PSYoungGen      total 86016K, used 9571K [0x00000000f5580000, 0x00000000fbe00000, 0x0000000100000000)
  eden space 71680K, 0% used [0x00000000f5580000,0x00000000f5580000,0x00000000f9b80000)
  from space 14336K, 66% used [0x00000000f9b80000,0x00000000fa4d8e00,0x00000000fa980000)
  to   space 13824K, 0% used [0x00000000fb080000,0x00000000fb080000,0x00000000fbe00000)
 ParOldGen       total 175104K, used 11102K [0x00000000e0000000, 0x00000000eab00000, 0x00000000f5580000)
  object space 175104K, 6% used [0x00000000e0000000,0x00000000e0ad7960,0x00000000eab00000)
 Metaspace       used 34573K, capacity 35414K, committed 35496K, reserved 1079296K
  class space    used 4916K, capacity 5207K, committed 5288K, reserved 1048576K
}
Event: 132.564 GC heap before
{Heap before GC invocations=9 (full 2):
 PSYoungGen      total 86016K, used 9571K [0x00000000f5580000, 0x00000000fbe00000, 0x0000000100000000)
  eden space 71680K, 0% used [0x00000000f5580000,0x00000000f5580000,0x00000000f9b80000)
  from space 14336K, 66% used [0x00000000f9b80000,0x00000000fa4d8e00,0x00000000fa980000)
  to   space 13824K, 0% used [0x00000000fb080000,0x00000000fb080000,0x00000000fbe00000)
 ParOldGen       total 175104K, used 11102K [0x00000000e0000000, 0x00000000eab00000, 0x00000000f5580000)
  object space 175104K, 6% used [0x00000000e0000000,0x00000000e0ad7960,0x00000000eab00000)
 Metaspace       used 34573K, capacity 35414K, committed 35496K, reserved 1079296K
  class space    used 4916K, capacity 5207K, committed 5288K, reserved 1048576K
Event: 132.708 GC heap after
Heap after GC invocations=9 (full 2):
 PSYoungGen      total 86016K, used 0K [0x00000000f5580000, 0x00000000fbe00000, 0x0000000100000000)
  eden space 71680K, 0% used [0x00000000f5580000,0x00000000f5580000,0x00000000f9b80000)
  from space 14336K, 0% used [0x00000000f9b80000,0x00000000f9b80000,0x00000000fa980000)
  to   space 13824K, 0% used [0x00000000fb080000,0x00000000fb080000,0x00000000fbe00000)
 ParOldGen       total 239104K, used 17021K [0x00000000e0000000, 0x00000000ee980000, 0x00000000f5580000)
  object space 239104K, 7% used [0x00000000e0000000,0x00000000e109f628,0x00000000ee980000)
 Metaspace       used 34564K, capacity 35384K, committed 35496K, reserved 1079296K
  class space    used 4914K, capacity 5202K, committed 5288K, reserved 1048576K
}

Deoptimization events (10 events):
Event: 133.121 Thread 0x000000001699b800 Uncommon trap: reason=bimorphic action=maybe_recompile pc=0x00000000031a3f9c method=java.lang.ClassLoader.getPackage(Ljava/lang/String;)Ljava/lang/Package; @ 47
Event: 133.121 Thread 0x000000001699b800 Uncommon trap: reason=bimorphic action=maybe_recompile pc=0x00000000031a3f9c method=java.lang.ClassLoader.getPackage(Ljava/lang/String;)Ljava/lang/Package; @ 47
Event: 135.094 Thread 0x000000001699b800 Uncommon trap: reason=class_check action=maybe_recompile pc=0x000000000359be98 method=java.io.BufferedInputStream.read1([BII)I @ 39
Event: 135.094 Thread 0x000000001699b800 Uncommon trap: reason=class_check action=maybe_recompile pc=0x000000000359be98 method=java.io.BufferedInputStream.read1([BII)I @ 39
Event: 135.094 Thread 0x000000001699b800 Uncommon trap: reason=class_check action=maybe_recompile pc=0x000000000359be98 method=java.io.BufferedInputStream.read1([BII)I @ 39
Event: 139.232 Thread 0x000000001699b800 Uncommon trap: reason=unstable_if action=reinterpret pc=0x0000000002de4f24 method=java.lang.Integer.valueOf(I)Ljava/lang/Integer; @ 3
Event: 140.273 Thread 0x000000001699b800 Uncommon trap: reason=unstable_if action=reinterpret pc=0x0000000003250644 method=sun.misc.MetaIndex.mayContain(Ljava/lang/String;)Z @ 38
Event: 140.306 Thread 0x000000001699b800 Uncommon trap: reason=unstable_if action=reinterpret pc=0x00000000035b6cdc method=java.security.CodeSource.hashCode()I @ 4
Event: 140.306 Thread 0x000000001699b800 Uncommon trap: reason=unstable_if action=reinterpret pc=0x00000000033bb68c method=java.security.CodeSource.hashCode()I @ 4
Event: 141.046 Thread 0x000000001699b800 Uncommon trap: reason=unstable_if action=reinterpret pc=0x000000000361ebd4 method=jdk.internal.org.objectweb.asm.Type.getArgumentsAndReturnSizes(Ljava/lang/String;)I @ 47

Classes redefined (0 events):
No events

Internal exceptions (10 events):
Event: 132.430 Thread 0x000000001699b800 Exception <a 'java/lang/ClassNotFoundException': org/gradle/api/internal/artifacts/repositories/AbstractArtifactRepositoryBeanInfo> (0x00000000f59e3dd0) thrown at [C:\re\workspace\8-2-build-windows-amd64-cygwin\jdk8u231\13620\hotspot\src\share\vm\classfil
Event: 132.433 Thread 0x000000001699b800 Exception <a 'java/lang/ClassNotFoundException': org/gradle/api/internal/artifacts/repositories/AbstractArtifactRepositoryCustomizer> (0x00000000f5a45c38) thrown at [C:\re\workspace\8-2-build-windows-amd64-cygwin\jdk8u231\13620\hotspot\src\share\vm\classf
Event: 132.437 Thread 0x000000001699b800 Exception <a 'java/lang/ClassNotFoundException': org/gradle/api/internal/artifacts/repositories/AbstractResolutionAwareArtifactRepositoryCustomizer> (0x00000000f5ad3d08) thrown at [C:\re\workspace\8-2-build-windows-amd64-cygwin\jdk8u231\13620\hotspot\src\
Event: 132.440 Thread 0x000000001699b800 Exception <a 'java/lang/ClassNotFoundException': org/gradle/api/internal/artifacts/repositories/AbstractAuthenticationSupportedRepositoryCustomizer> (0x00000000f5b4a098) thrown at [C:\re\workspace\8-2-build-windows-amd64-cygwin\jdk8u231\13620\hotspot\src\
Event: 132.444 Thread 0x000000001699b800 Exception <a 'java/lang/ClassNotFoundException': org/gradle/api/internal/artifacts/repositories/DefaultMavenArtifactRepositoryCustomizer> (0x00000000f5bc3c90) thrown at [C:\re\workspace\8-2-build-windows-amd64-cygwin\jdk8u231\13620\hotspot\src\share\vm\cl
Event: 132.449 Thread 0x000000001699b800 Exception <a 'java/lang/ClassNotFoundException': org/gradle/api/internal/artifacts/repositories/DefaultMavenArtifactRepository_DecoratedCustomizer> (0x00000000f5c49d58) thrown at [C:\re\workspace\8-2-build-windows-amd64-cygwin\jdk8u231\13620\hotspot\src\s
Event: 133.102 Thread 0x000000001699b800 Exception <a 'java/lang/ClassNotFoundException': build_2bdmwiexiagshiotl14xhtg2aBeanInfo> (0x00000000f567a2b8) thrown at [C:\re\workspace\8-2-build-windows-amd64-cygwin\jdk8u231\13620\hotspot\src\share\vm\classfile\systemDictionary.cpp, line 210]
Event: 133.103 Thread 0x000000001699b800 Exception <a 'java/lang/ClassNotFoundException': build_2bdmwiexiagshiotl14xhtg2aCustomizer> (0x00000000f56862f8) thrown at [C:\re\workspace\8-2-build-windows-amd64-cygwin\jdk8u231\13620\hotspot\src\share\vm\classfile\systemDictionary.cpp, line 210]
Event: 140.305 Thread 0x000000001699b800 Implicit null exception at 0x00000000035b33b0 to 0x00000000035b6cad
Event: 140.306 Thread 0x000000001699b800 Implicit null exception at 0x00000000033bb395 to 0x00000000033bb67d

Events (10 events):
Event: 142.015 loading class com/google/gson/internal/$Gson$Preconditions done
Event: 142.016 loading class com/google/gson/annotations/JsonAdapter
Event: 142.016 loading class com/google/gson/annotations/JsonAdapter done
Event: 142.017 loading class com/google/gson/internal/ConstructorConstructor$3
Event: 142.017 loading class com/google/gson/internal/ConstructorConstructor$3 done
Event: 142.019 loading class com/google/gson/annotations/SerializedName
Event: 142.019 loading class com/google/gson/annotations/SerializedName done
Event: 142.022 loading class com/google/gson/internal/Primitives
Event: 142.022 loading class com/google/gson/internal/Primitives done
Event: 142.024 loading class sun/util/locale/provider/DateFormatProviderImpl


Dynamic libraries:
0x00007ff750280000 - 0x00007ff7502b7000 	C:\Program Files\Java\jre1.8.0_231\bin\java.exe
0x00007ffee01e0000 - 0x00007ffee038d000 	C:\WINDOWS\SYSTEM32\ntdll.dll
0x00007ffeddb40000 - 0x00007ffeddc7f000 	C:\WINDOWS\system32\KERNEL32.DLL
0x00007ffec14f0000 - 0x00007ffec1505000 	C:\Program Files\AVAST Software\Avast\aswhook.dll
0x00007ffedd750000 - 0x00007ffedd866000 	C:\WINDOWS\system32\KERNELBASE.dll
0x00007ffedbed0000 - 0x00007ffedbf5e000 	C:\WINDOWS\system32\apphelp.dll
0x00007ffed5830000 - 0x00007ffed5885000 	C:\WINDOWS\AppPatch\AppPatch64\AcGenral.DLL
0x00007ffedf580000 - 0x00007ffedf62a000 	C:\WINDOWS\system32\msvcrt.dll
0x00007ffedd3e0000 - 0x00007ffedd40e000 	C:\WINDOWS\system32\SspiCli.dll
0x00007ffeddc80000 - 0x00007ffeddcd4000 	C:\WINDOWS\system32\SHLWAPI.dll
0x00007ffedf970000 - 0x00007ffedfae7000 	C:\WINDOWS\system32\USER32.dll
0x00007ffeddeb0000 - 0x00007ffede044000 	C:\WINDOWS\system32\ole32.dll
0x00007ffede050000 - 0x00007ffedf57b000 	C:\WINDOWS\system32\SHELL32.dll
0x00007ffedcb80000 - 0x00007ffedcba1000 	C:\WINDOWS\SYSTEM32\USERENV.dll
0x00007ffedf700000 - 0x00007ffedf7aa000 	C:\WINDOWS\system32\ADVAPI32.dll
0x00007ffed5810000 - 0x00007ffed582e000 	C:\WINDOWS\SYSTEM32\MPR.dll
0x00007ffedf7c0000 - 0x00007ffedf900000 	C:\WINDOWS\system32\RPCRT4.dll
0x00007ffedfaf0000 - 0x00007ffedfb49000 	C:\WINDOWS\SYSTEM32\sechost.dll
0x00007ffedd930000 - 0x00007ffeddb40000 	C:\WINDOWS\SYSTEM32\combase.dll
0x00007ffedfd90000 - 0x00007ffedfedc000 	C:\WINDOWS\system32\GDI32.dll
0x00007ffedd310000 - 0x00007ffedd325000 	C:\WINDOWS\SYSTEM32\profapi.dll
0x00007ffedb8e0000 - 0x00007ffedb992000 	C:\WINDOWS\SYSTEM32\SHCORE.dll
0x00007ffedff70000 - 0x00007ffedffa6000 	C:\WINDOWS\system32\IMM32.DLL
0x00007ffedffb0000 - 0x00007ffee0102000 	C:\WINDOWS\system32\MSCTF.dll
0x00007ffedb240000 - 0x00007ffedb4bb000 	C:\WINDOWS\WinSxS\amd64_microsoft.windows.common-controls_6595b64144ccf1df_6.0.9600.19394_none_62486577ecb635cf\COMCTL32.dll
0x000000006c020000 - 0x000000006c0f2000 	C:\Program Files\Java\jre1.8.0_231\bin\msvcr100.dll
0x000000006b770000 - 0x000000006c016000 	C:\Program Files\Java\jre1.8.0_231\bin\server\jvm.dll
0x00007ffed6490000 - 0x00007ffed6499000 	C:\WINDOWS\SYSTEM32\WSOCK32.dll
0x00007ffeda900000 - 0x00007ffeda922000 	C:\WINDOWS\SYSTEM32\WINMM.dll
0x00007ffeda930000 - 0x00007ffeda93a000 	C:\WINDOWS\SYSTEM32\VERSION.dll
0x00007ffeddce0000 - 0x00007ffeddce7000 	C:\WINDOWS\system32\PSAPI.DLL
0x00007ffedff00000 - 0x00007ffedff5a000 	C:\WINDOWS\system32\WS2_32.dll
0x00007ffeda8c0000 - 0x00007ffeda8ea000 	C:\WINDOWS\SYSTEM32\WINMMBASE.dll
0x00007ffee0110000 - 0x00007ffee0119000 	C:\WINDOWS\system32\NSI.dll
0x00007ffedd410000 - 0x00007ffedd45f000 	C:\WINDOWS\SYSTEM32\cfgmgr32.dll
0x00007ffedc130000 - 0x00007ffedc158000 	C:\WINDOWS\SYSTEM32\DEVOBJ.dll
0x00007ffedbd90000 - 0x00007ffedbd9f000 	C:\Program Files\Java\jre1.8.0_231\bin\verify.dll
0x00007ffec5fd0000 - 0x00007ffec5ff9000 	C:\Program Files\Java\jre1.8.0_231\bin\java.dll
0x00007ffed7860000 - 0x00007ffed7876000 	C:\Program Files\Java\jre1.8.0_231\bin\zip.dll
0x00007ffec3b80000 - 0x00007ffec3b9a000 	C:\Program Files\Java\jre1.8.0_231\bin\net.dll
0x00007ffedcaf0000 - 0x00007ffedcb49000 	C:\WINDOWS\system32\mswsock.dll
0x00007ffec38d0000 - 0x00007ffec38e2000 	C:\Program Files\Java\jre1.8.0_231\bin\nio.dll
0x00007ffec2f80000 - 0x00007ffec2fa6000 	C:\Users\obulisathish\.gradle\native\29\windows-amd64\native-platform.dll
0x00007ffed1670000 - 0x00007ffed167d000 	C:\Program Files\Java\jre1.8.0_231\bin\management.dll
0x00007ffedcb50000 - 0x00007ffedcb70000 	C:\WINDOWS\SYSTEM32\CRYPTSP.dll
0x00007ffedc930000 - 0x00007ffedc966000 	C:\WINDOWS\system32\rsaenh.dll
0x00007ffedce50000 - 0x00007ffedce76000 	C:\WINDOWS\SYSTEM32\bcrypt.dll
0x00007ffedd170000 - 0x00007ffedd1d3000 	C:\WINDOWS\system32\bcryptprimitives.dll
0x00007ffedd1e0000 - 0x00007ffedd1eb000 	C:\WINDOWS\SYSTEM32\CRYPTBASE.dll
0x00007ffed77a0000 - 0x00007ffed77ca000 	C:\WINDOWS\SYSTEM32\IPHLPAPI.DLL
0x00007ffed7760000 - 0x00007ffed776a000 	C:\WINDOWS\SYSTEM32\WINNSI.DLL
0x00007ffed6d80000 - 0x00007ffed6d96000 	C:\WINDOWS\SYSTEM32\dhcpcsvc6.DLL
0x00007ffed7440000 - 0x00007ffed745a000 	C:\WINDOWS\SYSTEM32\dhcpcsvc.DLL

VM Arguments:
jvm_args: -XX:MaxMetaspaceSize=256m -XX:+HeapDumpOnOutOfMemoryError -Xms256m -Xmx512m -Dfile.encoding=windows-1252 -Duser.country=US -Duser.language=en -Duser.variant 
java_command: org.gradle.launcher.daemon.bootstrap.GradleDaemon 5.5
java_class_path (initial): C:\Users\obulisathish\.gradle\wrapper\dists\gradle-5.5-all\byeise1led9a3w3p149d02kfj\gradle-5.5\lib\gradle-launcher-5.5.jar
Launcher Type: SUN_STANDARD

Environment Variables:
CLASSPATH=C:\Users\obulisathish\dkmy\android\\gradle\wrapper\gradle-wrapper.jar
PATH=C:\Program Files (x86)\Common Files\Oracle\Java\javapath;C:\ProgramData\Oracle\Java\javapath;C:\Program Files (x86)\NVIDIA Corporation\PhysX\Common;C:\WINDOWS;C:\WINDOWS\system32;C:\Program Files\Postgresql\11\bin;C:\go\bin;C:\Program Files (x86)\Brackets\command;C:\Program Files\nodejs\;C:\Users\obulisathish\AppData\Local\Android\sdk\emulator;C:\Users\obulisathish\AppData\Local\Android\sdk\platform-tools;C:\Users\obulisathish\AppData\Local\Android\sdk\tools;C:\Users\obulisathish\AppData\Local\Android\sdk\tools\bin;C:\Users\obulisathish\AppData\Roaming\npm;C:\Program Files\Java\jdk1.8.0_144\bin;C:\Users\obulisathish\AppData\Local\Android\sdk;C:\Users\obulisathish\AppData\Local\Android\sdk\platforms\android-23;C:\Program Files\Java\jre1.8.0_201\lib;C:\MinGW\bin;C:\Users\obulisathish\AppData\Local\Programs\Python\Python38-32\Scripts\;C:\Users\obulisathish\AppData\Local\Programs\Python\Python38-32\;C:\RailsInstaller\Git\cmd;C:\RailsInstaller\Ruby2.3.3\bin;C:\Ruby24-x64\bin;C:\Program Files\Java\jdk1.8.0_144\bin;C:\Program Files\heroku\bin;C:\Users\obulisathish\AppData\Local\Android\sdk\platform-tools;C:\Users\obulisathish\AppData\Local\Android\sdk\tools;C:\Users\obulisathish\AppData\Local\Android\sdk\tools\bin;C:\Users\obulisathish\AppData\Local\Android\sdk\emulator;C:\Users\obulisathish\AppData\Roaming\npm;C:\Users\obulisathish\AppData\Local\Programs\Microsoft VS Code\bin;C:\Users\obulisathish\AppData\Local\Android\sdk\platforms\android-23;C:\Program Files\Java\jre1.8.0_201\lib;C:\Program Files\JetBrains\PyCharm Community Edition 2019.3.3\bin;
USERNAME=boobathiraj
OS=Windows_NT
PROCESSOR_IDENTIFIER=Intel64 Family 6 Model 69 Stepping 1, GenuineIntel



---------------  S Y S T E M  ---------------

OS: Windows 8.1 , 64 bit Build 9600 (6.3.9600.19538)

CPU:total 4 (initial active 4) (2 cores per cpu, 2 threads per core) family 6 model 69 stepping 1, cmov, cx8, fxsr, mmx, sse, sse2, sse3, ssse3, sse4.1, sse4.2, popcnt, avx, avx2, aes, clmul, erms, lzcnt, ht, tsc, tscinvbit, bmi1, bmi2

Memory: 4k page, physical 8290124k(210164k free), swap 33455948k(4024k free)

vm_info: Java HotSpot(TM) 64-Bit Server VM (25.231-b11) for windows-amd64 JRE (1.8.0_231-b11), built on Oct  5 2019 03:11:30 by "java_re" with MS VC++ 10.0 (VS2010)

time: Tue Mar 24 11:32:24 2020
timezone: India Standard Time
elapsed time: 142 seconds (0d 0h 2m 22s)

