#
# There is insufficient memory for the Java Runtime Environment to continue.
# Native memory allocation (malloc) failed to allocate 353776 bytes for Chunk::new
# Possible reasons:
#   The system is out of physical RAM or swap space
#   The process is running with CompressedOops enabled, and the Java Heap may be blocking the growth of the native heap
# Possible solutions:
#   Reduce memory load on the system
#   Increase physical memory or swap space
#   Check if swap backing store is full
#   Decrease Java heap size (-Xmx/-Xms)
#   Decrease number of Java threads
#   Decrease Java thread stack sizes (-Xss)
#   Set larger code cache with -XX:ReservedCodeCacheSize=
#   JVM is running with Unscaled Compressed Oops mode in which the Java heap is
#     placed in the first 4GB address space. The Java Heap base address is the
#     maximum limit for the native heap growth. Please use -XX:HeapBaseMinAddress
#     to set the Java Heap base and to place the Java Heap above 4GB virtual address.
# This output file may be truncated or incomplete.
#
#  Out of Memory Error (allocation.cpp:389), pid=9616, tid=0x0000000000002378
#
# JRE version: Java(TM) SE Runtime Environment (8.0_231-b11) (build 1.8.0_231-b11)
# Java VM: Java HotSpot(TM) 64-Bit Server VM (25.231-b11 mixed mode windows-amd64 compressed oops)
# Failed to write core dump. Minidumps are not enabled by default on client versions of Windows
#

---------------  T H R E A D  ---------------

Current thread (0x0000000014121000):  JavaThread "C2 CompilerThread0" daemon [_thread_in_native, id=9080, stack(0x0000000015760000,0x0000000015860000)]

Stack: [0x0000000015760000,0x0000000015860000]
[error occurred during error reporting (printing stack bounds), id 0xc0000005]

Native frames: (J=compiled Java code, j=interpreted, Vv=VM code, C=native code)


Current CompileTask:
C2: 155221 4532       4       java.net.URLClassLoader$1::run (5 bytes)


---------------  P R O C E S S  ---------------

Java Threads: ( => current thread )
  0x0000000016a1b000 JavaThread "Cache worker for Build Output Cleanup Cache (C:\Users\obulisathish\dkmy\android\.gradle\buildOutputCleanup)" [_thread_blocked, id=9184, stack(0x000000001c870000,0x000000001c970000)]
  0x0000000016a17000 JavaThread "Build operations Thread 4" [_thread_blocked, id=8392, stack(0x000000001f820000,0x000000001f920000)]
  0x0000000016a1a000 JavaThread "Build operations Thread 3" [_thread_blocked, id=7672, stack(0x000000001f720000,0x000000001f820000)]
  0x0000000016a19800 JavaThread "Build operations Thread 2" [_thread_blocked, id=1148, stack(0x000000001f620000,0x000000001f720000)]
  0x0000000016a16800 JavaThread "Build operations" [_thread_blocked, id=5464, stack(0x000000001f520000,0x000000001f620000)]
  0x00000000177b0800 JavaThread "Cache worker for execution history cache (C:\Users\obulisathish\.gradle\caches\5.5\executionHistory)" [_thread_blocked, id=9036, stack(0x000000001f220000,0x000000001f320000)]
  0x00000000177b0000 JavaThread "Cache worker for cache directory md-rule (C:\Users\obulisathish\.gradle\caches\5.5\md-rule)" [_thread_blocked, id=10076, stack(0x000000001ef20000,0x000000001f020000)]
  0x00000000177af000 JavaThread "Cache worker for cache directory md-supplier (C:\Users\obulisathish\.gradle\caches\5.5\md-supplier)" [_thread_blocked, id=11420, stack(0x000000001ee20000,0x000000001ef20000)]
  0x00000000177aa800 JavaThread "Cache worker for file hash cache (C:\Users\obulisathish\dkmy\android\.gradle\5.5\fileHashes)" [_thread_blocked, id=5116, stack(0x000000001bf70000,0x000000001c070000)]
  0x00000000177ad000 JavaThread "Cache worker for journal cache (C:\Users\obulisathish\.gradle\caches\journal-1)" [_thread_blocked, id=9968, stack(0x0000000018c00000,0x0000000018d00000)]
  0x00000000177ad800 JavaThread "File lock request listener" [_thread_in_native, id=9728, stack(0x0000000018b00000,0x0000000018c00000)]
  0x00000000177aa000 JavaThread "Cache worker for file hash cache (C:\Users\obulisathish\.gradle\caches\5.5\fileHashes)" [_thread_blocked, id=6384, stack(0x0000000018a00000,0x0000000018b00000)]
  0x00000000174b0000 JavaThread "Thread-9" [_thread_blocked, id=5920, stack(0x0000000018700000,0x0000000018800000)]
  0x00000000174a2800 JavaThread "Stdin handler" [_thread_blocked, id=1376, stack(0x0000000018600000,0x0000000018700000)]
  0x000000001746d800 JavaThread "Asynchronous log dispatcher for DefaultDaemonConnection: socket connection from /127.0.0.1:14988 to /127.0.0.1:14989" [_thread_blocked, id=9060, stack(0x0000000018500000,0x0000000018600000)]
  0x000000001746d000 JavaThread "Daemon worker" [_thread_in_native, id=9516, stack(0x0000000018400000,0x0000000018500000)]
  0x000000001746b800 JavaThread "Cancel handler" [_thread_blocked, id=7628, stack(0x0000000018300000,0x0000000018400000)]
  0x0000000017467800 JavaThread "Handler for socket connection from /127.0.0.1:14988 to /127.0.0.1:14989" [_thread_in_native, id=11596, stack(0x0000000018200000,0x0000000018300000)]
  0x0000000017465000 JavaThread "Daemon" [_thread_blocked, id=11388, stack(0x0000000018100000,0x0000000018200000)]
  0x00000000174b8800 JavaThread "Daemon periodic checks" [_thread_blocked, id=680, stack(0x0000000018000000,0x0000000018100000)]
  0x0000000017410000 JavaThread "Incoming local TCP Connector on port 14988" [_thread_in_native, id=10908, stack(0x0000000017e10000,0x0000000017f10000)]
  0x0000000017375800 JavaThread "Daemon health stats" [_thread_blocked, id=8560, stack(0x0000000017830000,0x0000000017930000)]
  0x0000000015aa8000 JavaThread "Service Thread" daemon [_thread_blocked, id=9116, stack(0x0000000015e60000,0x0000000015f60000)]
  0x0000000014132000 JavaThread "C1 CompilerThread2" daemon [_thread_blocked, id=10096, stack(0x0000000015960000,0x0000000015a60000)]
  0x0000000014124000 JavaThread "C2 CompilerThread1" daemon [_thread_in_native, id=4376, stack(0x0000000015860000,0x0000000015960000)]
=>0x0000000014121000 JavaThread "C2 CompilerThread0" daemon [_thread_in_native, id=9080, stack(0x0000000015760000,0x0000000015860000)]
  0x000000001411e800 JavaThread "Attach Listener" daemon [_thread_blocked, id=7176, stack(0x0000000015660000,0x0000000015760000)]
  0x000000001411d000 JavaThread "Signal Dispatcher" daemon [_thread_blocked, id=7256, stack(0x0000000015560000,0x0000000015660000)]
  0x000000001410a000 JavaThread "Finalizer" daemon [_thread_blocked, id=8728, stack(0x0000000015380000,0x0000000015480000)]
  0x0000000002da1000 JavaThread "Reference Handler" daemon [_thread_blocked, id=9052, stack(0x0000000015280000,0x0000000015380000)]
  0x00000000013be800 JavaThread "main" [_thread_blocked, id=8556, stack(0x0000000002bb0000,0x0000000002cb0000)]

Other Threads:
  0x00000000140e7800 VMThread [stack: 0x0000000015180000,0x0000000015280000] [id=3384]
  0x0000000015ab2800 WatcherThread [stack: 0x0000000015f60000,0x0000000016060000] [id=9016]

VM state:not at safepoint (normal execution)

VM Mutex/Monitor currently owned by a thread:  ([mutex/lock_event])
[0x00000000013bdba0] SystemDictionary_lock - owner thread: 0x0000000000000000

heap address: 0x00000000e0000000, size: 512 MB, Compressed Oops mode: 32-bit
Narrow klass base: 0x0000000000000000, Narrow klass shift: 3
Compressed class space size: 1073741824 Address: 0x0000000100000000

Heap:
 PSYoungGen      total 105984K, used 31572K [0x00000000f5580000, 0x00000000fd900000, 0x0000000100000000)
  eden space 92160K, 19% used [0x00000000f5580000,0x00000000f66d5848,0x00000000faf80000)
  from space 13824K, 99% used [0x00000000faf80000,0x00000000fbcffa40,0x00000000fbd00000)
  to   space 15360K, 0% used [0x00000000fca00000,0x00000000fca00000,0x00000000fd900000)
 ParOldGen       total 207872K, used 17834K [0x00000000e0000000, 0x00000000ecb00000, 0x00000000f5580000)
  object space 207872K, 8% used [0x00000000e0000000,0x00000000e116a9a8,0x00000000ecb00000)
 Metaspace       used 51809K, capacity 53182K, committed 53288K, reserved 1095680K
  class space    used 7237K, capacity 7658K, committed 7720K, reserved 1048576K

Card table byte_map: [0x0000000012170000,0x0000000012280000] byte_map_base: 0x0000000011a70000

Marking Bits: (ParMarkBitMap*) 0x000000006c066d90
 Begin Bits: [0x0000000012680000, 0x0000000012e80000)
 End Bits:   [0x0000000012e80000, 0x0000000013680000)

Polling page: 0x0000000001100000

CodeCache: size=245760Kb used=14669Kb max_used=14669Kb free=231090Kb
 bounds [0x0000000002db0000, 0x0000000003c20000, 0x0000000011db0000]
 total_blobs=4982 nmethods=4178 adapters=716
 compilation: enabled

Compilation events (10 events):
Event: 149.611 Thread 0x0000000014132000 4563       1       java.util.logging.LogRecord::getLevel (5 bytes)
Event: 149.611 Thread 0x0000000014132000 nmethod 4563 0x00000000032e7ed0 code [0x00000000032e8020, 0x00000000032e8130]
Event: 149.613 Thread 0x0000000014132000 4564       3       java.util.concurrent.locks.ReentrantReadWriteLock$NonfairSync::readerShouldBlock (5 bytes)
Event: 149.613 Thread 0x0000000014132000 nmethod 4564 0x000000000302da10 code [0x000000000302db80, 0x000000000302dd88]
Event: 149.613 Thread 0x0000000014132000 4565       3       java.util.concurrent.locks.AbstractQueuedSynchronizer::apparentlyFirstQueuedIsExclusive (38 bytes)
Event: 149.614 Thread 0x0000000014132000 nmethod 4565 0x000000000302d410 code [0x000000000302d580, 0x000000000302d930]
Event: 149.614 Thread 0x0000000014132000 4567       3       java.security.Permission::<init> (10 bytes)
Event: 149.614 Thread 0x0000000014132000 nmethod 4567 0x00000000033465d0 code [0x0000000003346720, 0x00000000033468f0]
Event: 149.614 Thread 0x0000000014132000 4566       1       java.util.logging.Logger::getUseParentHandlers (5 bytes)
Event: 149.614 Thread 0x0000000014132000 nmethod 4566 0x0000000003346310 code [0x0000000003346460, 0x0000000003346570]

GC Heap History (10 events):
Event: 69.781 GC heap before
{Heap before GC invocations=7 (full 1):
 PSYoungGen      total 76288K, used 75786K [0x00000000f5580000, 0x00000000fbf00000, 0x0000000100000000)
  eden space 65536K, 100% used [0x00000000f5580000,0x00000000f9580000,0x00000000f9580000)
  from space 10752K, 95% used [0x00000000f9580000,0x00000000f9f82990,0x00000000fa000000)
  to   space 13312K, 0% used [0x00000000fb200000,0x00000000fb200000,0x00000000fbf00000)
 ParOldGen       total 175104K, used 11077K [0x00000000e0000000, 0x00000000eab00000, 0x00000000f5580000)
  object space 175104K, 6% used [0x00000000e0000000,0x00000000e0ad1738,0x00000000eab00000)
 Metaspace       used 34543K, capacity 35368K, committed 35496K, reserved 1079296K
  class space    used 4917K, capacity 5172K, committed 5288K, reserved 1048576K
Event: 69.809 GC heap after
Heap after GC invocations=7 (full 1):
 PSYoungGen      total 91648K, used 11895K [0x00000000f5580000, 0x00000000fbe80000, 0x0000000100000000)
  eden space 78848K, 0% used [0x00000000f5580000,0x00000000f5580000,0x00000000fa280000)
  from space 12800K, 92% used [0x00000000fb200000,0x00000000fbd9de10,0x00000000fbe80000)
  to   space 14336K, 0% used [0x00000000fa280000,0x00000000fa280000,0x00000000fb080000)
 ParOldGen       total 175104K, used 11085K [0x00000000e0000000, 0x00000000eab00000, 0x00000000f5580000)
  object space 175104K, 6% used [0x00000000e0000000,0x00000000e0ad3738,0x00000000eab00000)
 Metaspace       used 34543K, capacity 35368K, committed 35496K, reserved 1079296K
  class space    used 4917K, capacity 5172K, committed 5288K, reserved 1048576K
}
Event: 83.627 GC heap before
{Heap before GC invocations=8 (full 1):
 PSYoungGen      total 91648K, used 20648K [0x00000000f5580000, 0x00000000fbe80000, 0x0000000100000000)
  eden space 78848K, 11% used [0x00000000f5580000,0x00000000f5e0c328,0x00000000fa280000)
  from space 12800K, 92% used [0x00000000fb200000,0x00000000fbd9de10,0x00000000fbe80000)
  to   space 14336K, 0% used [0x00000000fa280000,0x00000000fa280000,0x00000000fb080000)
 ParOldGen       total 175104K, used 11085K [0x00000000e0000000, 0x00000000eab00000, 0x00000000f5580000)
  object space 175104K, 6% used [0x00000000e0000000,0x00000000e0ad3738,0x00000000eab00000)
 Metaspace       used 34589K, capacity 35414K, committed 35496K, reserved 1079296K
  class space    used 4922K, capacity 5207K, committed 5288K, reserved 1048576K
Event: 83.651 GC heap after
Heap after GC invocations=8 (full 1):
 PSYoungGen      total 93184K, used 9607K [0x00000000f5580000, 0x00000000fca00000, 0x0000000100000000)
  eden space 78848K, 0% used [0x00000000f5580000,0x00000000f5580000,0x00000000fa280000)
  from space 14336K, 67% used [0x00000000fa280000,0x00000000fabe1d58,0x00000000fb080000)
  to   space 13312K, 0% used [0x00000000fbd00000,0x00000000fbd00000,0x00000000fca00000)
 ParOldGen       total 175104K, used 11093K [0x00000000e0000000, 0x00000000eab00000, 0x00000000f5580000)
  object space 175104K, 6% used [0x00000000e0000000,0x00000000e0ad5738,0x00000000eab00000)
 Metaspace       used 34589K, capacity 35414K, committed 35496K, reserved 1079296K
  class space    used 4922K, capacity 5207K, committed 5288K, reserved 1048576K
}
Event: 83.651 GC heap before
{Heap before GC invocations=9 (full 2):
 PSYoungGen      total 93184K, used 9607K [0x00000000f5580000, 0x00000000fca00000, 0x0000000100000000)
  eden space 78848K, 0% used [0x00000000f5580000,0x00000000f5580000,0x00000000fa280000)
  from space 14336K, 67% used [0x00000000fa280000,0x00000000fabe1d58,0x00000000fb080000)
  to   space 13312K, 0% used [0x00000000fbd00000,0x00000000fbd00000,0x00000000fca00000)
 ParOldGen       total 175104K, used 11093K [0x00000000e0000000, 0x00000000eab00000, 0x00000000f5580000)
  object space 175104K, 6% used [0x00000000e0000000,0x00000000e0ad5738,0x00000000eab00000)
 Metaspace       used 34589K, capacity 35414K, committed 35496K, reserved 1079296K
  class space    used 4922K, capacity 5207K, committed 5288K, reserved 1048576K
Event: 83.743 GC heap after
Heap after GC invocations=9 (full 2):
 PSYoungGen      total 93184K, used 0K [0x00000000f5580000, 0x00000000fca00000, 0x0000000100000000)
  eden space 78848K, 0% used [0x00000000f5580000,0x00000000f5580000,0x00000000fa280000)
  from space 14336K, 0% used [0x00000000fa280000,0x00000000fa280000,0x00000000fb080000)
  to   space 13312K, 0% used [0x00000000fbd00000,0x00000000fbd00000,0x00000000fca00000)
 ParOldGen       total 207872K, used 16979K [0x00000000e0000000, 0x00000000ecb00000, 0x00000000f5580000)
  object space 207872K, 8% used [0x00000000e0000000,0x00000000e1094d88,0x00000000ecb00000)
 Metaspace       used 34581K, capacity 35390K, committed 35496K, reserved 1079296K
  class space    used 4919K, capacity 5203K, committed 5288K, reserved 1048576K
}
Event: 121.285 GC heap before
{Heap before GC invocations=10 (full 2):
 PSYoungGen      total 93184K, used 78848K [0x00000000f5580000, 0x00000000fca00000, 0x0000000100000000)
  eden space 78848K, 100% used [0x00000000f5580000,0x00000000fa280000,0x00000000fa280000)
  from space 14336K, 0% used [0x00000000fa280000,0x00000000fa280000,0x00000000fb080000)
  to   space 13312K, 0% used [0x00000000fbd00000,0x00000000fbd00000,0x00000000fca00000)
 ParOldGen       total 207872K, used 16979K [0x00000000e0000000, 0x00000000ecb00000, 0x00000000f5580000)
  object space 207872K, 8% used [0x00000000e0000000,0x00000000e1094d88,0x00000000ecb00000)
 Metaspace       used 43641K, capacity 44674K, committed 44840K, reserved 1087488K
  class space    used 6081K, capacity 6415K, committed 6440K, reserved 1048576K
Event: 121.300 GC heap after
Heap after GC invocations=10 (full 2):
 PSYoungGen      total 105472K, used 11216K [0x00000000f5580000, 0x00000000fcf80000, 0x0000000100000000)
  eden space 92160K, 0% used [0x00000000f5580000,0x00000000f5580000,0x00000000faf80000)
  from space 13312K, 84% used [0x00000000fbd00000,0x00000000fc7f4210,0x00000000fca00000)
  to   space 13824K, 0% used [0x00000000faf80000,0x00000000faf80000,0x00000000fbd00000)
 ParOldGen       total 207872K, used 16987K [0x00000000e0000000, 0x00000000ecb00000, 0x00000000f5580000)
  object space 207872K, 8% used [0x00000000e0000000,0x00000000e1096d88,0x00000000ecb00000)
 Metaspace       used 43641K, capacity 44674K, committed 44840K, reserved 1087488K
  class space    used 6081K, capacity 6415K, committed 6440K, reserved 1048576K
}
Event: 148.197 GC heap before
{Heap before GC invocations=11 (full 2):
 PSYoungGen      total 105472K, used 103376K [0x00000000f5580000, 0x00000000fcf80000, 0x0000000100000000)
  eden space 92160K, 100% used [0x00000000f5580000,0x00000000faf80000,0x00000000faf80000)
  from space 13312K, 84% used [0x00000000fbd00000,0x00000000fc7f4210,0x00000000fca00000)
  to   space 13824K, 0% used [0x00000000faf80000,0x00000000faf80000,0x00000000fbd00000)
 ParOldGen       total 207872K, used 16987K [0x00000000e0000000, 0x00000000ecb00000, 0x00000000f5580000)
  object space 207872K, 8% used [0x00000000e0000000,0x00000000e1096d88,0x00000000ecb00000)
 Metaspace       used 48648K, capacity 50014K, committed 50344K, reserved 1091584K
  class space    used 6817K, capacity 7230K, committed 7336K, reserved 1048576K
Event: 148.232 GC heap after
Heap after GC invocations=11 (full 2):
 PSYoungGen      total 105984K, used 13822K [0x00000000f5580000, 0x00000000fd900000, 0x0000000100000000)
  eden space 92160K, 0% used [0x00000000f5580000,0x00000000f5580000,0x00000000faf80000)
  from space 13824K, 99% used [0x00000000faf80000,0x00000000fbcffa40,0x00000000fbd00000)
  to   space 15360K, 0% used [0x00000000fca00000,0x00000000fca00000,0x00000000fd900000)
 ParOldGen       total 207872K, used 17834K [0x00000000e0000000, 0x00000000ecb00000, 0x00000000f5580000)
  object space 207872K, 8% used [0x00000000e0000000,0x00000000e116a9a8,0x00000000ecb00000)
 Metaspace       used 48648K, capacity 50014K, committed 50344K, reserved 1091584K
  class space    used 6817K, capacity 7230K, committed 7336K, reserved 1048576K
}

Deoptimization events (10 events):
Event: 128.818 Thread 0x000000001746d000 Uncommon trap: reason=unstable_if action=reinterpret pc=0x0000000003713a88 method=groovy.lang.MetaClassImpl.checkIfStdMethod(Lgroovy/lang/MetaMethod;)V @ 55
Event: 128.818 Thread 0x000000001746d000 Uncommon trap: reason=unstable_if action=reinterpret pc=0x0000000003a510a8 method=org.codehaus.groovy.runtime.metaclass.MetaMethodIndex.copyNonPrivateNonNewMetaMethods(Lorg/codehaus/groovy/runtime/metaclass/MetaMethodIndex$Entry;Lorg/codehaus/groovy/runti
Event: 128.819 Thread 0x000000001746d000 Uncommon trap: reason=unstable_if action=reinterpret pc=0x00000000036675d4 method=groovy.lang.MetaClassImpl$1MOPIter.methodNameAction(Ljava/lang/Class;Lorg/codehaus/groovy/runtime/metaclass/MetaMethodIndex$Entry;)V @ 182
Event: 130.968 Thread 0x000000001746d000 Uncommon trap: reason=unstable_if action=reinterpret pc=0x000000000362a660 method=org.codehaus.groovy.runtime.metaclass.MetaMethodIndex.addMethodToList(Ljava/lang/Object;Lgroovy/lang/MetaMethod;)Ljava/lang/Object; @ 256
Event: 132.836 Thread 0x000000001746d000 Uncommon trap: reason=class_check action=maybe_recompile pc=0x000000000388f400 method=java.lang.Throwable.<init>(Ljava/lang/String;Ljava/lang/Throwable;)V @ 24
Event: 132.836 Thread 0x000000001746d000 Uncommon trap: reason=class_check action=maybe_recompile pc=0x000000000388f400 method=java.lang.Throwable.<init>(Ljava/lang/String;Ljava/lang/Throwable;)V @ 24
Event: 149.450 Thread 0x000000001746d000 Uncommon trap: reason=bimorphic action=maybe_recompile pc=0x0000000002efa6b4 method=java.io.DataInputStream.readInt()I @ 4
Event: 149.450 Thread 0x000000001746d000 Uncommon trap: reason=bimorphic action=maybe_recompile pc=0x0000000002efa6b4 method=java.io.DataInputStream.readInt()I @ 4
Event: 149.450 Thread 0x000000001746d000 Uncommon trap: reason=bimorphic action=maybe_recompile pc=0x0000000002efa6b4 method=java.io.DataInputStream.readInt()I @ 4
Event: 149.451 Thread 0x000000001746d000 Uncommon trap: reason=bimorphic action=maybe_recompile pc=0x0000000002efa6b4 method=java.io.DataInputStream.readInt()I @ 4

Classes redefined (0 events):
No events

Internal exceptions (10 events):
Event: 143.410 Thread 0x000000001746d000 Exception <a 'sun/nio/fs/WindowsException'> (0x00000000f9ff9d48) thrown at [C:\re\workspace\8-2-build-windows-amd64-cygwin\jdk8u231\13620\hotspot\src\share\vm\prims\jni.cpp, line 710]
Event: 143.410 Thread 0x000000001746d000 Exception <a 'sun/nio/fs/WindowsException'> (0x00000000f9ffade0) thrown at [C:\re\workspace\8-2-build-windows-amd64-cygwin\jdk8u231\13620\hotspot\src\share\vm\prims\jni.cpp, line 710]
Event: 143.411 Thread 0x000000001746d000 Exception <a 'sun/nio/fs/WindowsException'> (0x00000000f9ffd658) thrown at [C:\re\workspace\8-2-build-windows-amd64-cygwin\jdk8u231\13620\hotspot\src\share\vm\prims\jni.cpp, line 710]
Event: 143.411 Thread 0x000000001746d000 Exception <a 'sun/nio/fs/WindowsException'> (0x00000000f9ffe728) thrown at [C:\re\workspace\8-2-build-windows-amd64-cygwin\jdk8u231\13620\hotspot\src\share\vm\prims\jni.cpp, line 710]
Event: 143.527 Thread 0x000000001746d000 Exception <a 'sun/nio/fs/WindowsException'> (0x00000000fa001c60) thrown at [C:\re\workspace\8-2-build-windows-amd64-cygwin\jdk8u231\13620\hotspot\src\share\vm\prims\jni.cpp, line 710]
Event: 143.527 Thread 0x000000001746d000 Exception <a 'sun/nio/fs/WindowsException'> (0x00000000fa002b90) thrown at [C:\re\workspace\8-2-build-windows-amd64-cygwin\jdk8u231\13620\hotspot\src\share\vm\prims\jni.cpp, line 710]
Event: 143.528 Thread 0x000000001746d000 Exception <a 'sun/nio/fs/WindowsException'> (0x00000000fa0052a0) thrown at [C:\re\workspace\8-2-build-windows-amd64-cygwin\jdk8u231\13620\hotspot\src\share\vm\prims\jni.cpp, line 710]
Event: 143.528 Thread 0x000000001746d000 Exception <a 'sun/nio/fs/WindowsException'> (0x00000000fa006208) thrown at [C:\re\workspace\8-2-build-windows-amd64-cygwin\jdk8u231\13620\hotspot\src\share\vm\prims\jni.cpp, line 710]
Event: 145.182 Thread 0x000000001746d000 Exception <a 'java/lang/ClassNotFoundException': com/sun/org/glassfish/hk2/osgiresourcelocator/ServiceLoader> (0x00000000fa06d590) thrown at [C:\re\workspace\8-2-build-windows-amd64-cygwin\jdk8u231\13620\hotspot\src\share\vm\classfile\systemDictionary.cpp
Event: 146.648 Thread 0x000000001746d000 Exception <a 'java/lang/NullPointerException'> (0x00000000fa5488d8) thrown at [C:\re\workspace\8-2-build-windows-amd64-cygwin\jdk8u231\13620\hotspot\src\share\vm\interpreter\linkResolver.cpp, line 1287]

Events (10 events):
Event: 149.589 Thread 0x0000000014132000 flushing nmethod 0x00000000036ba910
Event: 149.589 Thread 0x0000000014132000 flushing nmethod 0x00000000036d5250
Event: 149.589 Thread 0x0000000014132000 flushing nmethod 0x00000000036d9290
Event: 149.589 Thread 0x0000000014132000 flushing nmethod 0x00000000036ddc10
Event: 149.589 Thread 0x0000000014132000 flushing nmethod 0x0000000003751410
Event: 149.590 Thread 0x0000000014132000 flushing nmethod 0x00000000037d4e50
Event: 149.590 Thread 0x0000000014132000 flushing nmethod 0x0000000003845ed0
Event: 149.590 Thread 0x0000000014132000 flushing nmethod 0x000000000386f8d0
Event: 149.620 loading class com/sun/xml/bind/v2/runtime/ElementBeanInfoImpl$IntercepterLoader
Event: 149.620 loading class com/sun/xml/bind/v2/runtime/ElementBeanInfoImpl$IntercepterLoader done


Dynamic libraries:
0x00007ff7ad800000 - 0x00007ff7ad837000 	C:\Program Files\Java\jre1.8.0_231\bin\java.exe
0x00007ffee01e0000 - 0x00007ffee038d000 	C:\WINDOWS\SYSTEM32\ntdll.dll
0x00007ffeddb40000 - 0x00007ffeddc7f000 	C:\WINDOWS\system32\KERNEL32.DLL
0x00007ffec14f0000 - 0x00007ffec1505000 	C:\Program Files\AVAST Software\Avast\aswhook.dll
0x00007ffedd750000 - 0x00007ffedd866000 	C:\WINDOWS\system32\KERNELBASE.dll
0x00007ffedbed0000 - 0x00007ffedbf5e000 	C:\WINDOWS\system32\apphelp.dll
0x00007ffed5830000 - 0x00007ffed5885000 	C:\WINDOWS\AppPatch\AppPatch64\AcGenral.DLL
0x00007ffedf580000 - 0x00007ffedf62a000 	C:\WINDOWS\system32\msvcrt.dll
0x00007ffedd3e0000 - 0x00007ffedd40e000 	C:\WINDOWS\system32\SspiCli.dll
0x00007ffeddc80000 - 0x00007ffeddcd4000 	C:\WINDOWS\system32\SHLWAPI.dll
0x00007ffedf970000 - 0x00007ffedfae7000 	C:\WINDOWS\system32\USER32.dll
0x00007ffeddeb0000 - 0x00007ffede044000 	C:\WINDOWS\system32\ole32.dll
0x00007ffede050000 - 0x00007ffedf57b000 	C:\WINDOWS\system32\SHELL32.dll
0x00007ffedcb80000 - 0x00007ffedcba1000 	C:\WINDOWS\SYSTEM32\USERENV.dll
0x00007ffedf700000 - 0x00007ffedf7aa000 	C:\WINDOWS\system32\ADVAPI32.dll
0x00007ffed5810000 - 0x00007ffed582e000 	C:\WINDOWS\SYSTEM32\MPR.dll
0x00007ffedf7c0000 - 0x00007ffedf900000 	C:\WINDOWS\system32\RPCRT4.dll
0x00007ffedfaf0000 - 0x00007ffedfb49000 	C:\WINDOWS\SYSTEM32\sechost.dll
0x00007ffedd930000 - 0x00007ffeddb40000 	C:\WINDOWS\SYSTEM32\combase.dll
0x00007ffedfd90000 - 0x00007ffedfedc000 	C:\WINDOWS\system32\GDI32.dll
0x00007ffedd310000 - 0x00007ffedd325000 	C:\WINDOWS\SYSTEM32\profapi.dll
0x00007ffedb8e0000 - 0x00007ffedb992000 	C:\WINDOWS\SYSTEM32\SHCORE.dll
0x00007ffedff70000 - 0x00007ffedffa6000 	C:\WINDOWS\system32\IMM32.DLL
0x00007ffedffb0000 - 0x00007ffee0102000 	C:\WINDOWS\system32\MSCTF.dll
0x00007ffedb240000 - 0x00007ffedb4bb000 	C:\WINDOWS\WinSxS\amd64_microsoft.windows.common-controls_6595b64144ccf1df_6.0.9600.19394_none_62486577ecb635cf\COMCTL32.dll
0x000000006c0f0000 - 0x000000006c1c2000 	C:\Program Files\Java\jre1.8.0_231\bin\msvcr100.dll
0x000000006b840000 - 0x000000006c0e6000 	C:\Program Files\Java\jre1.8.0_231\bin\server\jvm.dll
0x00007ffed6490000 - 0x00007ffed6499000 	C:\WINDOWS\SYSTEM32\WSOCK32.dll
0x00007ffeda900000 - 0x00007ffeda922000 	C:\WINDOWS\SYSTEM32\WINMM.dll
0x00007ffeda930000 - 0x00007ffeda93a000 	C:\WINDOWS\SYSTEM32\VERSION.dll
0x00007ffeddce0000 - 0x00007ffeddce7000 	C:\WINDOWS\system32\PSAPI.DLL
0x00007ffedff00000 - 0x00007ffedff5a000 	C:\WINDOWS\system32\WS2_32.dll
0x00007ffeda8c0000 - 0x00007ffeda8ea000 	C:\WINDOWS\SYSTEM32\WINMMBASE.dll
0x00007ffee0110000 - 0x00007ffee0119000 	C:\WINDOWS\system32\NSI.dll
0x00007ffedd410000 - 0x00007ffedd45f000 	C:\WINDOWS\SYSTEM32\cfgmgr32.dll
0x00007ffedc130000 - 0x00007ffedc158000 	C:\WINDOWS\SYSTEM32\DEVOBJ.dll
0x00007ffedbd20000 - 0x00007ffedbd2f000 	C:\Program Files\Java\jre1.8.0_231\bin\verify.dll
0x00007ffed9540000 - 0x00007ffed9569000 	C:\Program Files\Java\jre1.8.0_231\bin\java.dll
0x00007ffedae90000 - 0x00007ffedaea6000 	C:\Program Files\Java\jre1.8.0_231\bin\zip.dll
0x00007ffed9520000 - 0x00007ffed953a000 	C:\Program Files\Java\jre1.8.0_231\bin\net.dll
0x00007ffedcaf0000 - 0x00007ffedcb49000 	C:\WINDOWS\system32\mswsock.dll
0x00007ffed9500000 - 0x00007ffed9512000 	C:\Program Files\Java\jre1.8.0_231\bin\nio.dll
0x00007ffed94d0000 - 0x00007ffed94f6000 	C:\Users\obulisathish\.gradle\native\29\windows-amd64\native-platform.dll
0x00007ffedb000000 - 0x00007ffedb00d000 	C:\Program Files\Java\jre1.8.0_231\bin\management.dll
0x00007ffedcb50000 - 0x00007ffedcb70000 	C:\WINDOWS\SYSTEM32\CRYPTSP.dll
0x00007ffedc930000 - 0x00007ffedc966000 	C:\WINDOWS\system32\rsaenh.dll
0x00007ffedce50000 - 0x00007ffedce76000 	C:\WINDOWS\SYSTEM32\bcrypt.dll
0x00007ffedd170000 - 0x00007ffedd1d3000 	C:\WINDOWS\system32\bcryptprimitives.dll
0x00007ffedd1e0000 - 0x00007ffedd1eb000 	C:\WINDOWS\SYSTEM32\CRYPTBASE.dll
0x00007ffed77a0000 - 0x00007ffed77ca000 	C:\WINDOWS\SYSTEM32\IPHLPAPI.DLL
0x00007ffed7760000 - 0x00007ffed776a000 	C:\WINDOWS\SYSTEM32\WINNSI.DLL
0x00007ffed6d80000 - 0x00007ffed6d96000 	C:\WINDOWS\SYSTEM32\dhcpcsvc6.DLL
0x00007ffed7440000 - 0x00007ffed745a000 	C:\WINDOWS\SYSTEM32\dhcpcsvc.DLL

VM Arguments:
jvm_args: -XX:MaxMetaspaceSize=256m -XX:+HeapDumpOnOutOfMemoryError -Xms256m -Xmx512m -Dfile.encoding=windows-1252 -Duser.country=US -Duser.language=en -Duser.variant 
java_command: org.gradle.launcher.daemon.bootstrap.GradleDaemon 5.5
java_class_path (initial): C:\Users\obulisathish\.gradle\wrapper\dists\gradle-5.5-all\byeise1led9a3w3p149d02kfj\gradle-5.5\lib\gradle-launcher-5.5.jar
Launcher Type: SUN_STANDARD

Environment Variables:
CLASSPATH=C:\Users\obulisathish\dkmy\android\\gradle\wrapper\gradle-wrapper.jar
PATH=C:\Program Files (x86)\Common Files\Oracle\Java\javapath;C:\ProgramData\Oracle\Java\javapath;C:\Program Files (x86)\NVIDIA Corporation\PhysX\Common;C:\WINDOWS;C:\WINDOWS\system32;C:\Program Files\Postgresql\11\bin;C:\go\bin;C:\Program Files (x86)\Brackets\command;C:\Program Files\nodejs\;C:\Users\obulisathish\AppData\Local\Android\sdk\emulator;C:\Users\obulisathish\AppData\Local\Android\sdk\platform-tools;C:\Users\obulisathish\AppData\Local\Android\sdk\tools;C:\Users\obulisathish\AppData\Local\Android\sdk\tools\bin;C:\Users\obulisathish\AppData\Roaming\npm;C:\Program Files\Java\jdk1.8.0_144\bin;C:\Users\obulisathish\AppData\Local\Android\sdk;C:\Users\obulisathish\AppData\Local\Android\sdk\platforms\android-23;C:\Program Files\Java\jre1.8.0_201\lib;C:\MinGW\bin;C:\Users\obulisathish\AppData\Local\Programs\Python\Python38-32\Scripts\;C:\Users\obulisathish\AppData\Local\Programs\Python\Python38-32\;C:\RailsInstaller\Git\cmd;C:\RailsInstaller\Ruby2.3.3\bin;C:\Ruby24-x64\bin;C:\Program Files\Java\jdk1.8.0_144\bin;C:\Program Files\heroku\bin;C:\Users\obulisathish\AppData\Local\Android\sdk\platform-tools;C:\Users\obulisathish\AppData\Local\Android\sdk\tools;C:\Users\obulisathish\AppData\Local\Android\sdk\tools\bin;C:\Users\obulisathish\AppData\Local\Android\sdk\emulator;C:\Users\obulisathish\AppData\Roaming\npm;C:\Users\obulisathish\AppData\Local\Programs\Microsoft VS Code\bin;C:\Users\obulisathish\AppData\Local\Android\sdk\platforms\android-23;C:\Program Files\Java\jre1.8.0_201\lib;C:\Program Files\JetBrains\PyCharm Community Edition 2019.3.3\bin;
USERNAME=boobathiraj
OS=Windows_NT
PROCESSOR_IDENTIFIER=Intel64 Family 6 Model 69 Stepping 1, GenuineIntel



---------------  S Y S T E M  ---------------

OS: Windows 8.1 , 64 bit Build 9600 (6.3.9600.19538)

CPU:total 4 (initial active 4) (2 cores per cpu, 2 threads per core) family 6 model 69 stepping 1, cmov, cx8, fxsr, mmx, sse, sse2, sse3, ssse3, sse4.1, sse4.2, popcnt, avx, avx2, aes, clmul, erms, lzcnt, ht, tsc, tscinvbit, bmi1, bmi2

Memory: 4k page, physical 8290124k(880160k free), swap 33455948k(9508k free)

vm_info: Java HotSpot(TM) 64-Bit Server VM (25.231-b11) for windows-amd64 JRE (1.8.0_231-b11), built on Oct  5 2019 03:11:30 by "java_re" with MS VC++ 10.0 (VS2010)

time: Tue Mar 24 08:21:21 2020
timezone: India Standard Time
elapsed time: 155 seconds (0d 0h 2m 35s)

